2025-05-05T09:12:56.212Z [error]: Chat processing error: TypeError: Cannot read properties of undefined (reading 'length')
2025-05-06T01:09:08.837Z [error]: Failed to save chat history: Operation `chathistories.insertOne()` buffering timed out after 10000ms
2025-05-06T01:09:24.243Z [error]: Failed to save chat history: Operation `chathistories.insertOne()` buffering timed out after 10000ms
2025-05-06T01:11:51.560Z [error]: Failed to save chat history: Operation `chathistories.insertOne()` buffering timed out after 10000ms
2025-05-06T01:47:11.363Z [error]: Failed to save after 3 attempts: Operation `chathistories.insertOne()` buffering timed out after 10000ms
2025-05-06T01:47:15.009Z [error]: Failed to save after 3 attempts: Operation `chathistories.insertOne()` buffering timed out after 10000ms
2025-05-06T02:31:56.901Z [error]: Failed to save after 3 attempts: Operation `chathistories.insertOne()` buffering timed out after 10000ms
2025-05-06T02:32:01.316Z [error]: Failed to save after 3 attempts: Operation `chathistories.insertOne()` buffering timed out after 10000ms
2025-05-19T02:28:35.860Z [error]: MulterError: Unexpected field
    at wrappedFileFilter (F:\doAn\plantIdentifier_project\node_modules\multer\index.js:40:19)
    at Multipart.<anonymous> (F:\doAn\plantIdentifier_project\node_modules\multer\lib\make-middleware.js:109:7)
    at Multipart.emit (node:events:518:28)
    at HeaderParser.cb (F:\doAn\plantIdentifier_project\node_modules\busboy\lib\types\multipart.js:358:14)
    at HeaderParser.push (F:\doAn\plantIdentifier_project\node_modules\busboy\lib\types\multipart.js:162:20)
    at SBMH.ssCb [as _cb] (F:\doAn\plantIdentifier_project\node_modules\busboy\lib\types\multipart.js:394:37)
    at feed (F:\doAn\plantIdentifier_project\node_modules\streamsearch\lib\sbmh.js:248:10)
    at SBMH.push (F:\doAn\plantIdentifier_project\node_modules\streamsearch\lib\sbmh.js:104:16)
    at Multipart._write (F:\doAn\plantIdentifier_project\node_modules\busboy\lib\types\multipart.js:567:19)
    at writeOrBuffer (node:internal/streams/writable:564:12)
2025-05-19T02:29:34.131Z [error]: MulterError: Unexpected field
    at wrappedFileFilter (F:\doAn\plantIdentifier_project\node_modules\multer\index.js:40:19)
    at Multipart.<anonymous> (F:\doAn\plantIdentifier_project\node_modules\multer\lib\make-middleware.js:109:7)
    at Multipart.emit (node:events:518:28)
    at HeaderParser.cb (F:\doAn\plantIdentifier_project\node_modules\busboy\lib\types\multipart.js:358:14)
    at HeaderParser.push (F:\doAn\plantIdentifier_project\node_modules\busboy\lib\types\multipart.js:162:20)
    at SBMH.ssCb [as _cb] (F:\doAn\plantIdentifier_project\node_modules\busboy\lib\types\multipart.js:394:37)
    at feed (F:\doAn\plantIdentifier_project\node_modules\streamsearch\lib\sbmh.js:248:10)
    at SBMH.push (F:\doAn\plantIdentifier_project\node_modules\streamsearch\lib\sbmh.js:104:16)
    at Multipart._write (F:\doAn\plantIdentifier_project\node_modules\busboy\lib\types\multipart.js:567:19)
    at writeOrBuffer (node:internal/streams/writable:564:12)
